# JRE version: Java(TM) SE Runtime Environment (8.0_60-b27) (build 1.8.0_60-b27)
# Java VM: Java HotSpot(TM) 64-Bit Server VM (25.60-b23 mixed mode windows-amd64 compressed oops)
Heap:
 PSYoungGen      total 186368K, used 544K [0x00000000d5f00000, 0x00000000e6d80000, 0x0000000100000000)
  eden space 170496K, 0% used [0x00000000d5f00000,0x00000000d5f00000,0x00000000e0580000)
  from space 15872K, 3% used [0x00000000e5e00000,0x00000000e5e88000,0x00000000e6d80000)
  to   space 12288K, 0% used [0x00000000e0580000,0x00000000e0580000,0x00000000e1180000)
 ParOldGen       total 68608K, used 36613K [0x0000000081c00000, 0x0000000085f00000, 0x00000000d5f00000)
  object space 68608K, 53% used [0x0000000081c00000,0x0000000083fc1498,0x0000000085f00000)
 Metaspace       used 48276K, capacity 49586K, committed 49664K, reserved 1091584K
  class space    used 6570K, capacity 6883K, committed 6912K, reserved 1048576K
GC Heap History (10 events):
Event: 23.529 GC heap before
{Heap before GC invocations=9 (full 1):
 PSYoungGen      total 74240K, used 69201K [0x00000000d5f00000, 0x00000000de680000, 0x0000000100000000)
  eden space 62976K, 100% used [0x00000000d5f00000,0x00000000d9c80000,0x00000000d9c80000)
  from space 11264K, 55% used [0x00000000d9c80000,0x00000000da294798,0x00000000da780000)
  to   space 10752K, 0% used [0x00000000ddc00000,0x00000000ddc00000,0x00000000de680000)
 ParOldGen       total 52224K, used 9980K [0x0000000081c00000, 0x0000000084f00000, 0x00000000d5f00000)
  object space 52224K, 19% used [0x0000000081c00000,0x00000000825bf098,0x0000000084f00000)
 Metaspace       used 31828K, capacity 32352K, committed 32768K, reserved 1077248K
  class space    used 4347K, capacity 4509K, committed 4608K, reserved 1048576K
Event: 23.618 GC heap after
Heap after GC invocations=9 (full 1):
 PSYoungGen      total 126976K, used 9327K [0x00000000d5f00000, 0x00000000de780000, 0x0000000100000000)
  eden space 116224K, 0% used [0x00000000d5f00000,0x00000000d5f00000,0x00000000dd080000)
  from space 10752K, 86% used [0x00000000ddc00000,0x00000000de51bf18,0x00000000de680000)
  to   space 11776K, 0% used [0x00000000dd080000,0x00000000dd080000,0x00000000ddc00000)
 ParOldGen       total 52224K, used 9980K [0x0000000081c00000, 0x0000000084f00000, 0x00000000d5f00000)
  object space 52224K, 19% used [0x0000000081c00000,0x00000000825bf098,0x0000000084f00000)
 Metaspace       used 31828K, capacity 32352K, committed 32768K, reserved 1077248K
  class space    used 4347K, capacity 4509K, committed 4608K, reserved 1048576K
}
Event: 25.710 GC heap before
{Heap before GC invocations=10 (full 1):
 PSYoungGen      total 126976K, used 56262K [0x00000000d5f00000, 0x00000000de780000, 0x0000000100000000)
  eden space 116224K, 40% used [0x00000000d5f00000,0x00000000d8cd5918,0x00000000dd080000)
  from space 10752K, 86% used [0x00000000ddc00000,0x00000000de51bf18,0x00000000de680000)
  to   space 11776K, 0% used [0x00000000dd080000,0x00000000dd080000,0x00000000ddc00000)
 ParOldGen       total 52224K, used 9980K [0x0000000081c00000, 0x0000000084f00000, 0x00000000d5f00000)
  object space 52224K, 19% used [0x0000000081c00000,0x00000000825bf098,0x0000000084f00000)
 Metaspace       used 34648K, capacity 35230K, committed 35456K, reserved 1079296K
  class space    used 4720K, capacity 4928K, committed 4992K, reserved 1048576K
Event: 25.782 GC heap after
Heap after GC invocations=10 (full 1):
 PSYoungGen      total 128000K, used 11529K [0x00000000d5f00000, 0x00000000e2200000, 0x0000000100000000)
  eden space 116224K, 0% used [0x00000000d5f00000,0x00000000d5f00000,0x00000000dd080000)
  from space 11776K, 97% used [0x00000000dd080000,0x00000000ddbc2598,0x00000000ddc00000)
  to   space 12800K, 0% used [0x00000000e1580000,0x00000000e1580000,0x00000000e2200000)
 ParOldGen       total 52224K, used 11157K [0x0000000081c00000, 0x0000000084f00000, 0x00000000d5f00000)
  object space 52224K, 21% used [0x0000000081c00000,0x00000000826e54b8,0x0000000084f00000)
 Metaspace       used 34648K, capacity 35230K, committed 35456K, reserved 1079296K
  class space    used 4720K, capacity 4928K, committed 4992K, reserved 1048576K
}
Event: 25.782 GC heap before
{Heap before GC invocations=11 (full 2):
 PSYoungGen      total 128000K, used 11529K [0x00000000d5f00000, 0x00000000e2200000, 0x0000000100000000)
  eden space 116224K, 0% used [0x00000000d5f00000,0x00000000d5f00000,0x00000000dd080000)
  from space 11776K, 97% used [0x00000000dd080000,0x00000000ddbc2598,0x00000000ddc00000)
  to   space 12800K, 0% used [0x00000000e1580000,0x00000000e1580000,0x00000000e2200000)
 ParOldGen       total 52224K, used 11157K [0x0000000081c00000, 0x0000000084f00000, 0x00000000d5f00000)
  object space 52224K, 21% used [0x0000000081c00000,0x00000000826e54b8,0x0000000084f00000)
 Metaspace       used 34648K, capacity 35230K, committed 35456K, reserved 1079296K
  class space    used 4720K, capacity 4928K, committed 4992K, reserved 1048576K
Event: 25.967 GC heap after
Heap after GC invocations=11 (full 2):
 PSYoungGen      total 128000K, used 0K [0x00000000d5f00000, 0x00000000e2200000, 0x0000000100000000)
  eden space 116224K, 0% used [0x00000000d5f00000,0x00000000d5f00000,0x00000000dd080000)
  from space 11776K, 0% used [0x00000000dd080000,0x00000000dd080000,0x00000000ddc00000)
  to   space 12800K, 0% used [0x00000000e1580000,0x00000000e1580000,0x00000000e2200000)
 ParOldGen       total 68608K, used 20222K [0x0000000081c00000, 0x0000000085f00000, 0x00000000d5f00000)
  object space 68608K, 29% used [0x0000000081c00000,0x0000000082fbf9b8,0x0000000085f00000)
 Metaspace       used 34648K, capacity 35230K, committed 35456K, reserved 1079296K
  class space    used 4720K, capacity 4928K, committed 4992K, reserved 1048576K
}
Event: 29.531 GC heap before
{Heap before GC invocations=12 (full 2):
 PSYoungGen      total 128000K, used 116224K [0x00000000d5f00000, 0x00000000e2200000, 0x0000000100000000)
  eden space 116224K, 100% used [0x00000000d5f00000,0x00000000dd080000,0x00000000dd080000)
  from space 11776K, 0% used [0x00000000dd080000,0x00000000dd080000,0x00000000ddc00000)
  to   space 12800K, 0% used [0x00000000e1580000,0x00000000e1580000,0x00000000e2200000)
 ParOldGen       total 68608K, used 20222K [0x0000000081c00000, 0x0000000085f00000, 0x00000000d5f00000)
  object space 68608K, 29% used [0x0000000081c00000,0x0000000082fbf9b8,0x0000000085f00000)
 Metaspace       used 40966K, capacity 41676K, committed 41984K, reserved 1085440K
  class space    used 5535K, capacity 5765K, committed 5888K, reserved 1048576K
Event: 29.542 GC heap after
Heap after GC invocations=12 (full 2):
 PSYoungGen      total 178688K, used 7480K [0x00000000d5f00000, 0x00000000e1d80000, 0x0000000100000000)
  eden space 170496K, 0% used [0x00000000d5f00000,0x00000000d5f00000,0x00000000e0580000)
  from space 8192K, 91% used [0x00000000e1580000,0x00000000e1cce2e0,0x00000000e1d80000)
  to   space 12288K, 0% used [0x00000000e0580000,0x00000000e0580000,0x00000000e1180000)
 ParOldGen       total 68608K, used 20230K [0x0000000081c00000, 0x0000000085f00000, 0x00000000d5f00000)
  object space 68608K, 29% used [0x0000000081c00000,0x0000000082fc19b8,0x0000000085f00000)
 Metaspace       used 40966K, capacity 41676K, committed 41984K, reserved 1085440K
  class space    used 5535K, capacity 5765K, committed 5888K, reserved 1048576K
}
Event: 34.268 GC heap before
{Heap before GC invocations=13 (full 2):
 PSYoungGen      total 178688K, used 177976K [0x00000000d5f00000, 0x00000000e1d80000, 0x0000000100000000)
  eden space 170496K, 100% used [0x00000000d5f00000,0x00000000e0580000,0x00000000e0580000)
  from space 8192K, 91% used [0x00000000e1580000,0x00000000e1cce2e0,0x00000000e1d80000)
  to   space 12288K, 0% used [0x00000000e0580000,0x00000000e0580000,0x00000000e1180000)
 ParOldGen       total 68608K, used 20230K [0x0000000081c00000, 0x0000000085f00000, 0x00000000d5f00000)
  object space 68608K, 29% used [0x0000000081c00000,0x0000000082fc19b8,0x0000000085f00000)
 Metaspace       used 48188K, capacity 49412K, committed 49664K, reserved 1091584K
  class space    used 6553K, capacity 6845K, committed 6912K, reserved 1048576K
Event: 34.306 GC heap after
Heap after GC invocations=13 (full 2):
 PSYoungGen      total 182784K, used 12271K [0x00000000d5f00000, 0x00000000e6d80000, 0x0000000100000000)
  eden space 170496K, 0% used [0x00000000d5f00000,0x00000000d5f00000,0x00000000e0580000)
  from space 12288K, 99% used [0x00000000e0580000,0x00000000e117bc08,0x00000000e1180000)
  to   space 15872K, 0% used [0x00000000e5e00000,0x00000000e5e00000,0x00000000e6d80000)
 ParOldGen       total 68608K, used 25600K [0x0000000081c00000, 0x0000000085f00000, 0x00000000d5f00000)
  object space 68608K, 37% used [0x0000000081c00000,0x00000000835003a0,0x0000000085f00000)
 Metaspace       used 48188K, capacity 49412K, committed 49664K, reserved 1091584K
  class space    used 6553K, capacity 6845K, committed 6912K, reserved 1048576K
}

